2026-06-13 14:47:07 | INFO     | main:startup_event:40 - Starting up ATS Resume Agent...
2026-06-13 15:26:24 | INFO     | main:startup_event:38 - Starting up ATS Resume Agent...
2026-06-13 15:26:26 | ERROR    | app.database.database:check_db_connection:63 - Database connection failed: Not an executable object: 'SELECT 1'
2026-06-13 15:26:32 | ERROR    | app.database.database:check_db_connection:63 - Database connection failed: Not an executable object: 'SELECT 1'
2026-06-13 15:26:32 | ERROR    | app.middleware.exceptions:global_exception_handler:6 - Global exception caught: name 'HTTPException' is not defined
2026-06-13 15:26:40 | INFO     | main:shutdown_event:43 - Shutting down ATS Resume Agent...
2026-06-13 15:26:45 | INFO     | main:startup_event:38 - Starting up ATS Resume Agent...
2026-06-13 15:26:48 | ERROR    | app.database.database:check_db_connection:63 - Database connection failed: Not an executable object: 'SELECT 1'
2026-06-13 15:26:49 | ERROR    | app.database.database:check_db_connection:63 - Database connection failed: Not an executable object: 'SELECT 1'
2026-06-13 15:27:23 | INFO     | main:shutdown_event:43 - Shutting down ATS Resume Agent...
2026-06-13 15:27:28 | INFO     | main:startup_event:38 - Starting up ATS Resume Agent...
2026-06-13 15:27:30 | INFO     | app.database.database:check_db_connection:60 - Database connection successful!
2026-06-13 15:27:33 | INFO     | app.database.database:check_db_connection:60 - Database connection successful!
2026-06-13 15:32:07 | INFO     | main:shutdown_event:43 - Shutting down ATS Resume Agent...
2026-06-13 15:32:23 | INFO     | main:startup_event:38 - Starting up ATS Resume Agent...
2026-06-13 15:32:26 | INFO     | app.database.database:check_db_connection:60 - Database connection successful!
2026-06-13 15:32:34 | INFO     | main:shutdown_event:43 - Shutting down ATS Resume Agent...
2026-06-13 15:32:42 | INFO     | main:startup_event:38 - Starting up ATS Resume Agent...
2026-06-13 15:32:45 | INFO     | app.database.database:check_db_connection:60 - Database connection successful!
2026-06-13 15:32:53 | INFO     | main:shutdown_event:43 - Shutting down ATS Resume Agent...
2026-06-13 15:33:01 | INFO     | main:startup_event:38 - Starting up ATS Resume Agent...
2026-06-13 15:33:03 | INFO     | app.database.database:check_db_connection:60 - Database connection successful!
2026-06-13 15:33:03 | INFO     | main:shutdown_event:43 - Shutting down ATS Resume Agent...
2026-06-13 15:33:11 | INFO     | main:startup_event:38 - Starting up ATS Resume Agent...
2026-06-13 15:33:13 | INFO     | app.database.database:check_db_connection:60 - Database connection successful!
2026-06-13 15:33:13 | INFO     | main:shutdown_event:43 - Shutting down ATS Resume Agent...
2026-06-13 15:33:20 | INFO     | main:startup_event:38 - Starting up ATS Resume Agent...
2026-06-13 15:33:22 | INFO     | app.database.database:check_db_connection:60 - Database connection successful!
2026-06-13 15:33:28 | INFO     | main:shutdown_event:43 - Shutting down ATS Resume Agent...
2026-06-13 15:33:36 | INFO     | main:startup_event:38 - Starting up ATS Resume Agent...
2026-06-13 15:33:38 | INFO     | app.database.database:check_db_connection:60 - Database connection successful!
2026-06-13 15:33:38 | INFO     | main:shutdown_event:43 - Shutting down ATS Resume Agent...
2026-06-13 15:33:45 | INFO     | main:startup_event:38 - Starting up ATS Resume Agent...
2026-06-13 15:33:47 | INFO     | app.database.database:check_db_connection:60 - Database connection successful!
2026-06-13 15:33:50 | INFO     | main:shutdown_event:43 - Shutting down ATS Resume Agent...
2026-06-13 15:34:01 | INFO     | main:startup_event:38 - Starting up ATS Resume Agent...
2026-06-13 15:34:04 | INFO     | app.database.database:check_db_connection:60 - Database connection successful!
2026-06-13 15:34:09 | INFO     | main:shutdown_event:43 - Shutting down ATS Resume Agent...
2026-06-13 15:34:17 | INFO     | main:startup_event:38 - Starting up ATS Resume Agent...
2026-06-13 15:34:20 | INFO     | app.database.database:check_db_connection:60 - Database connection successful!
2026-06-13 15:40:41 | INFO     | main:shutdown_event:43 - Shutting down ATS Resume Agent...
2026-06-13 15:40:56 | INFO     | main:startup_event:38 - Starting up ATS Resume Agent...
2026-06-13 15:40:58 | INFO     | app.database.database:check_db_connection:60 - Database connection successful!
2026-06-13 15:41:04 | INFO     | main:shutdown_event:43 - Shutting down ATS Resume Agent...
2026-06-13 15:41:11 | INFO     | main:startup_event:38 - Starting up ATS Resume Agent...
2026-06-13 15:41:14 | INFO     | app.database.database:check_db_connection:60 - Database connection successful!
2026-06-13 15:41:22 | INFO     | main:shutdown_event:43 - Shutting down ATS Resume Agent...
2026-06-13 15:41:31 | INFO     | main:startup_event:38 - Starting up ATS Resume Agent...
2026-06-13 15:41:34 | INFO     | app.database.database:check_db_connection:60 - Database connection successful!
2026-06-13 15:41:34 | INFO     | main:shutdown_event:43 - Shutting down ATS Resume Agent...
2026-06-13 15:41:51 | INFO     | main:startup_event:38 - Starting up ATS Resume Agent...
2026-06-13 15:41:53 | INFO     | app.database.database:check_db_connection:60 - Database connection successful!
2026-06-13 15:41:53 | INFO     | main:shutdown_event:43 - Shutting down ATS Resume Agent...
2026-06-13 15:42:01 | INFO     | main:startup_event:38 - Starting up ATS Resume Agent...
2026-06-13 15:42:05 | INFO     | app.database.database:check_db_connection:60 - Database connection successful!
2026-06-13 15:42:05 | INFO     | main:shutdown_event:43 - Shutting down ATS Resume Agent...
2026-06-13 15:42:12 | INFO     | main:startup_event:38 - Starting up ATS Resume Agent...
2026-06-13 15:42:16 | INFO     | app.database.database:check_db_connection:60 - Database connection successful!
2026-06-13 15:42:19 | INFO     | main:shutdown_event:43 - Shutting down ATS Resume Agent...
2026-06-13 15:42:28 | INFO     | main:startup_event:38 - Starting up ATS Resume Agent...
2026-06-13 15:42:30 | INFO     | app.database.database:check_db_connection:60 - Database connection successful!
2026-06-13 15:42:30 | INFO     | main:shutdown_event:43 - Shutting down ATS Resume Agent...
2026-06-13 15:42:47 | INFO     | main:startup_event:38 - Starting up ATS Resume Agent...
2026-06-13 15:42:50 | INFO     | app.database.database:check_db_connection:60 - Database connection successful!
2026-06-13 15:42:50 | INFO     | main:shutdown_event:43 - Shutting down ATS Resume Agent...
2026-06-13 15:43:05 | INFO     | main:startup_event:38 - Starting up ATS Resume Agent...
2026-06-13 15:43:08 | INFO     | app.database.database:check_db_connection:60 - Database connection successful!
2026-06-13 15:46:58 | INFO     | main:shutdown_event:43 - Shutting down ATS Resume Agent...
2026-06-13 15:47:26 | INFO     | main:startup_event:38 - Starting up ATS Resume Agent...
2026-06-13 15:47:29 | INFO     | app.database.database:check_db_connection:60 - Database connection successful!
2026-06-13 15:47:33 | INFO     | main:shutdown_event:43 - Shutting down ATS Resume Agent...
2026-06-13 15:47:50 | INFO     | main:startup_event:38 - Starting up ATS Resume Agent...
2026-06-13 15:47:52 | INFO     | app.database.database:check_db_connection:60 - Database connection successful!
2026-06-13 15:48:06 | INFO     | main:shutdown_event:43 - Shutting down ATS Resume Agent...
2026-06-13 15:48:29 | INFO     | main:startup_event:38 - Starting up ATS Resume Agent...
2026-06-13 15:48:32 | INFO     | app.database.database:check_db_connection:60 - Database connection successful!
2026-06-13 15:48:36 | INFO     | main:shutdown_event:43 - Shutting down ATS Resume Agent...
2026-06-13 15:49:29 | INFO     | main:startup_event:38 - Starting up ATS Resume Agent...
2026-06-13 15:49:31 | INFO     | app.database.database:check_db_connection:60 - Database connection successful!
2026-06-13 15:51:25 | INFO     | main:startup_event:38 - Starting up ATS Resume Agent...
2026-06-13 15:51:28 | INFO     | app.database.database:check_db_connection:60 - Database connection successful!
2026-06-13 15:52:27 | INFO     | app.database.database:check_db_connection:60 - Database connection successful!
2026-06-13 15:53:42 | INFO     | app.services.resume_upload_service:upload_resume:58 - Starting upload for user 00000000-0000-0000-0000-000000000000: Md_Sameer_Ahmad_Resume.pdf
2026-06-13 15:53:44 | ERROR    | app.services.storage.supabase_storage:upload_file:34 - Error uploading to Supabase: [Errno 11001] getaddrinfo failed
2026-06-13 15:53:44 | ERROR    | app.services.resume_upload_service:upload_resume:107 - Storage upload failed for 4e962f2b-51a0-43ec-8873-675285ec09c0: [Errno 11001] getaddrinfo failed
2026-06-13 15:54:32 | INFO     | main:shutdown_event:43 - Shutting down ATS Resume Agent...
2026-06-13 15:54:32 | INFO     | main:shutdown_event:43 - Shutting down ATS Resume Agent...
2026-06-13 15:54:42 | INFO     | main:startup_event:38 - Starting up ATS Resume Agent...
2026-06-13 15:54:43 | INFO     | main:startup_event:38 - Starting up ATS Resume Agent...
2026-06-13 15:54:45 | INFO     | app.database.database:check_db_connection:60 - Database connection successful!
2026-06-13 15:54:46 | INFO     | app.database.database:check_db_connection:60 - Database connection successful!
2026-06-13 15:54:47 | INFO     | app.services.resume_upload_service:upload_resume:58 - Starting upload for user 00000000-0000-0000-0000-000000000000: Md_Sameer_Ahmad_Resume.pdf
2026-06-13 15:54:50 | ERROR    | app.services.storage.supabase_storage:upload_file:34 - Error uploading to Supabase: {'statusCode': 403, 'error': Unauthorized, 'message': Invalid Compact JWS}
2026-06-13 15:54:50 | ERROR    | app.services.resume_upload_service:upload_resume:107 - Storage upload failed for 2effc933-ab73-4018-afea-ce186bc51c6f: {'statusCode': 403, 'error': Unauthorized, 'message': Invalid Compact JWS}
2026-06-13 15:57:14 | INFO     | app.services.resume_upload_service:upload_resume:58 - Starting upload for user 00000000-0000-0000-0000-000000000000: Md_Sameer_Ahmad_Resume.pdf
2026-06-13 15:57:16 | ERROR    | app.services.storage.supabase_storage:upload_file:34 - Error uploading to Supabase: {'statusCode': 403, 'error': Unauthorized, 'message': Invalid Compact JWS}
2026-06-13 15:57:16 | ERROR    | app.services.resume_upload_service:upload_resume:107 - Storage upload failed for a6809d57-afd2-46da-a22f-7c49dbded012: {'statusCode': 403, 'error': Unauthorized, 'message': Invalid Compact JWS}
2026-06-13 15:58:19 | INFO     | app.services.resume_upload_service:upload_resume:58 - Starting upload for user 00000000-0000-0000-0000-000000000000: Md_Sameer_Ahmad_Resume.pdf
2026-06-13 15:58:21 | ERROR    | app.services.storage.supabase_storage:upload_file:34 - Error uploading to Supabase: {'statusCode': 403, 'error': Unauthorized, 'message': Invalid Compact JWS}
2026-06-13 15:58:21 | ERROR    | app.services.resume_upload_service:upload_resume:107 - Storage upload failed for 86288cdd-0b7b-42af-be36-b00dcc4d5002: {'statusCode': 403, 'error': Unauthorized, 'message': Invalid Compact JWS}
2026-06-13 15:59:14 | INFO     | main:shutdown_event:43 - Shutting down ATS Resume Agent...
2026-06-13 15:59:22 | INFO     | main:startup_event:38 - Starting up ATS Resume Agent...
2026-06-13 15:59:25 | INFO     | app.database.database:check_db_connection:60 - Database connection successful!
2026-06-13 15:59:26 | INFO     | app.services.resume_upload_service:upload_resume:58 - Starting upload for user 00000000-0000-0000-0000-000000000000: Md_Sameer_Ahmad_Resume.pdf
2026-06-13 15:59:32 | ERROR    | app.services.storage.supabase_storage:upload_file:34 - Error uploading to Supabase: {'statusCode': 404, 'error': Bucket not found, 'message': Bucket not found}
2026-06-13 15:59:32 | ERROR    | app.services.resume_upload_service:upload_resume:107 - Storage upload failed for 289e022f-752d-44d9-ad9d-b5a1ad5f2c85: {'statusCode': 404, 'error': Bucket not found, 'message': Bucket not found}
2026-06-13 16:00:30 | INFO     | main:shutdown_event:43 - Shutting down ATS Resume Agent...
2026-06-13 16:00:33 | INFO     | main:startup_event:38 - Starting up ATS Resume Agent...
2026-06-13 16:00:35 | INFO     | main:startup_event:38 - Starting up ATS Resume Agent...
2026-06-13 16:00:36 | INFO     | app.database.database:check_db_connection:60 - Database connection successful!
2026-06-13 16:00:37 | INFO     | app.database.database:check_db_connection:60 - Database connection successful!
2026-06-13 16:00:41 | INFO     | main:shutdown_event:43 - Shutting down ATS Resume Agent...
2026-06-13 16:00:49 | INFO     | main:startup_event:38 - Starting up ATS Resume Agent...
2026-06-13 16:00:51 | INFO     | app.database.database:check_db_connection:60 - Database connection successful!
2026-06-13 16:00:59 | INFO     | app.services.storage.supabase_storage:__init__:14 - Created Supabase bucket: resume-upload
2026-06-13 16:00:59 | INFO     | app.services.resume_upload_service:upload_resume:58 - Starting upload for user 00000000-0000-0000-0000-000000000000: Md_Sameer_Ahmad_Resume.pdf
2026-06-13 16:01:02 | INFO     | app.services.resume_upload_service:upload_resume:95 - Successfully uploaded resume b38aba65-5afa-4161-a4b0-950f0bb05f27 for user 00000000-0000-0000-0000-000000000000
2026-06-13 16:08:33 | INFO     | app.services.resume_extraction_service:extract_resume:41 - Starting extraction for resume_id: 4e962f2b-51a0-43ec-8873-675285ec09c0
2026-06-13 16:08:33 | ERROR    | app.api.v1.resume.extract:extract_resume:25 - Extraction error for 4e962f2b-51a0-43ec-8873-675285ec09c0: Resume file not yet uploaded to storage
2026-06-13 16:09:08 | INFO     | main:shutdown_event:43 - Shutting down ATS Resume Agent...
2026-06-13 16:09:08 | INFO     | main:shutdown_event:43 - Shutting down ATS Resume Agent...
2026-06-13 16:09:13 | INFO     | main:startup_event:38 - Starting up ATS Resume Agent...
2026-06-13 16:09:16 | INFO     | main:startup_event:38 - Starting up ATS Resume Agent...
2026-06-13 16:09:17 | INFO     | app.database.database:check_db_connection:60 - Database connection successful!
2026-06-13 16:09:18 | INFO     | app.database.database:check_db_connection:60 - Database connection successful!
2026-06-13 16:09:19 | INFO     | app.services.resume_extraction_service:extract_resume:41 - Starting extraction for resume_id: 4e962f2b-51a0-43ec-8873-675285ec09c0
2026-06-13 16:09:19 | ERROR    | app.api.v1.resume.extract:extract_resume:25 - Extraction error for 4e962f2b-51a0-43ec-8873-675285ec09c0: Resume file not yet uploaded to storage
2026-06-13 16:09:44 | INFO     | app.services.resume_extraction_service:extract_resume:41 - Starting extraction for resume_id: 289e022f-752d-44d9-ad9d-b5a1ad5f2c85
2026-06-13 16:09:45 | ERROR    | app.api.v1.resume.extract:extract_resume:25 - Extraction error for 289e022f-752d-44d9-ad9d-b5a1ad5f2c85: Resume file not yet uploaded to storage
2026-06-13 16:10:12 | INFO     | main:shutdown_event:43 - Shutting down ATS Resume Agent...
